[debug] [2024-09-07T19:53:41.323Z] ----------------------------------------------------------------------
[debug] [2024-09-07T19:53:41.326Z] Command:       /usr/local/nvm/versions/node/v18.20.4/bin/node /usr/local/nvm/versions/node/v18.20.4/bin/firebase login
[debug] [2024-09-07T19:53:41.326Z] CLI Version:   13.16.0
[debug] [2024-09-07T19:53:41.327Z] Platform:      linux
[debug] [2024-09-07T19:53:41.327Z] Node Version:  v18.20.4
[debug] [2024-09-07T19:53:41.328Z] Time:          Sat Sep 07 2024 19:53:41 GMT+0000 (Coordinated Universal Time)
[debug] [2024-09-07T19:53:41.328Z] ----------------------------------------------------------------------
[debug] 
[info] i  Firebase optionally collects CLI and Emulator Suite usage and error reporting information to help improve our products. Data is collected in accordance with Google's privacy policy (https://policies.google.com/privacy) and is not used to identify you.
 
[info] i  To change your data collection preference at any time, run `firebase logout` and log in again. 
[info] 
[info] Visit this URL on this device to log in:
[info] https://accounts.google.com/o/oauth2/auth?client_id=563584335869-fgrhgmd47bqnekij5i8b5pr03ho849e6.apps.googleusercontent.com&scope=email%20openid%20https%3A%2F%2Fwww.googleapis.com%2Fauth%2Fcloudplatformprojects.readonly%20https%3A%2F%2Fwww.googleapis.com%2Fauth%2Ffirebase%20https%3A%2F%2Fwww.googleapis.com%2Fauth%2Fcloud-platform&response_type=code&state=1030972685&redirect_uri=http%3A%2F%2Flocalhost%3A9006
[info] 
[info] Waiting for authentication...
[debug] [2024-09-07T19:56:55.093Z] ----------------------------------------------------------------------
[debug] [2024-09-07T19:56:55.096Z] Command:       /usr/local/nvm/versions/node/v18.20.4/bin/node /usr/local/nvm/versions/node/v18.20.4/bin/firebase login
[debug] [2024-09-07T19:56:55.097Z] CLI Version:   13.16.0
[debug] [2024-09-07T19:56:55.097Z] Platform:      linux
[debug] [2024-09-07T19:56:55.097Z] Node Version:  v18.20.4
[debug] [2024-09-07T19:56:55.098Z] Time:          Sat Sep 07 2024 19:56:55 GMT+0000 (Coordinated Universal Time)
[debug] [2024-09-07T19:56:55.098Z] ----------------------------------------------------------------------
[debug] 
[info] i  Firebase optionally collects CLI and Emulator Suite usage and error reporting information to help improve our products. Data is collected in accordance with Google's privacy policy (https://policies.google.com/privacy) and is not used to identify you.
 
[info] i  To change your data collection preference at any time, run `firebase logout` and log in again. 
[info] 
[info] Visit this URL on this device to log in:
[info] https://accounts.google.com/o/oauth2/auth?client_id=563584335869-fgrhgmd47bqnekij5i8b5pr03ho849e6.apps.googleusercontent.com&scope=email%20openid%20https%3A%2F%2Fwww.googleapis.com%2Fauth%2Fcloudplatformprojects.readonly%20https%3A%2F%2Fwww.googleapis.com%2Fauth%2Ffirebase%20https%3A%2F%2Fwww.googleapis.com%2Fauth%2Fcloud-platform&response_type=code&state=710855634&redirect_uri=http%3A%2F%2Flocalhost%3A9007
[info] 
[info] Waiting for authentication...
