0 verbose cli /usr/local/nvm/versions/node/v20.17.0/bin/node /usr/local/nvm/versions/node/v20.17.0/bin/npm
1 info using npm@10.8.2
2 info using node@v20.17.0
3 silly config load:file:/usr/local/nvm/versions/node/v20.17.0/lib/node_modules/npm/npmrc
4 silly config load:file:/home/ally/accounting-inventory-system/backend/.npmrc
5 silly config load:file:/home/ally/.npmrc
6 silly config load:file:/usr/local/nvm/versions/node/v20.17.0/etc/npmrc
7 verbose title npm install express pg sequelize sequelize-cli cors body-parser
8 verbose argv "install" "express" "pg" "sequelize" "sequelize-cli" "cors" "body-parser"
9 verbose logfile logs-max:10 dir:/home/ally/.npm/_logs/2024-09-07T16_54_29_603Z-
10 verbose logfile /home/ally/.npm/_logs/2024-09-07T16_54_29_603Z-debug-0.log
11 silly packumentCache heap:2197815296 maxSize:549453824 maxEntrySize:274726912
12 silly logfile start cleaning logs, removing 1 files
13 silly logfile done cleaning log files
14 silly idealTree buildDeps
15 silly fetch manifest body-parser@^1.20.2
16 silly packumentCache full:https://registry.npmjs.org/body-parser cache-miss
17 http fetch GET 200 https://registry.npmjs.org/body-parser 75ms (cache hit)
18 silly packumentCache full:https://registry.npmjs.org/body-parser set size:212430 disposed:false
19 silly fetch manifest cors@^2.8.5
20 silly packumentCache full:https://registry.npmjs.org/cors cache-miss
21 http fetch GET 200 https://registry.npmjs.org/cors 5ms (cache hit)
22 silly packumentCache full:https://registry.npmjs.org/cors set size:73799 disposed:false
23 silly fetch manifest express@^4.19.2
24 silly packumentCache full:https://registry.npmjs.org/express cache-miss
25 http fetch GET 200 https://registry.npmjs.org/express 6ms (cache hit)
26 silly packumentCache full:https://registry.npmjs.org/express set size:772082 disposed:false
27 silly fetch manifest pg@^8.12.0
28 silly packumentCache full:https://registry.npmjs.org/pg cache-miss
29 http fetch GET 200 https://registry.npmjs.org/pg 7ms (cache hit)
30 silly packumentCache full:https://registry.npmjs.org/pg set size:424203 disposed:false
31 silly fetch manifest pg-native@>=3.0.1
32 silly packumentCache full:https://registry.npmjs.org/pg-native cache-miss
33 http fetch GET 200 https://registry.npmjs.org/pg-native 4ms (cache hit)
34 silly packumentCache full:https://registry.npmjs.org/pg-native set size:67312 disposed:false
35 silly fetch manifest sequelize@^6.37.3
36 silly packumentCache full:https://registry.npmjs.org/sequelize cache-miss
37 http fetch GET 200 https://registry.npmjs.org/sequelize 15ms (cache hit)
38 silly packumentCache full:https://registry.npmjs.org/sequelize set size:4429193 disposed:false
39 silly fetch manifest sequelize-cli@^6.6.2
40 silly packumentCache full:https://registry.npmjs.org/sequelize-cli cache-miss
41 http fetch GET 200 https://registry.npmjs.org/sequelize-cli 5ms (cache hit)
42 silly packumentCache full:https://registry.npmjs.org/sequelize-cli set size:232506 disposed:false
43 silly placeDep ROOT body-parser@1.20.2 REPLACE for: backend@1.0.0 want: ^1.20.2
44 silly placeDep ROOT cors@2.8.5 REPLACE for: backend@1.0.0 want: ^2.8.5
45 silly placeDep ROOT express@4.19.2 REPLACE for: backend@1.0.0 want: ^4.19.2
46 silly placeDep ROOT pg@8.12.0 REPLACE for: backend@1.0.0 want: ^8.12.0
47 silly placeDep ROOT sequelize@6.37.3 REPLACE for: backend@1.0.0 want: ^6.37.3
48 silly placeDep ROOT sequelize-cli@6.6.2 REPLACE for: backend@1.0.0 want: ^6.6.2
49 silly reify moves {}
50 silly audit bulk request {
50 silly audit   '@isaacs/cliui': [ '8.0.2' ],
50 silly audit   '@one-ini/wasm': [ '0.1.1' ],
50 silly audit   '@pkgjs/parseargs': [ '0.11.0' ],
50 silly audit   '@types/debug': [ '4.1.12' ],
50 silly audit   '@types/ms': [ '0.7.34' ],
50 silly audit   '@types/node': [ '22.5.4' ],
50 silly audit   '@types/validator': [ '13.12.1' ],
50 silly audit   abbrev: [ '2.0.0' ],
50 silly audit   accepts: [ '1.3.8' ],
50 silly audit   'ansi-regex': [ '6.0.1', '5.0.1' ],
50 silly audit   'ansi-styles': [ '6.2.1', '4.3.0' ],
50 silly audit   'array-flatten': [ '1.1.1' ],
50 silly audit   'at-least-node': [ '1.0.0' ],
50 silly audit   'balanced-match': [ '1.0.2' ],
50 silly audit   bluebird: [ '3.7.2' ],
50 silly audit   'brace-expansion': [ '2.0.1' ],
50 silly audit   bytes: [ '3.1.2' ],
50 silly audit   'call-bind': [ '1.0.7' ],
50 silly audit   'cli-color': [ '2.0.4' ],
50 silly audit   cliui: [ '7.0.4' ],
50 silly audit   'emoji-regex': [ '8.0.0', '9.2.2' ],
50 silly audit   'string-width': [ '4.2.3', '5.1.2' ],
50 silly audit   'strip-ansi': [ '6.0.1', '7.1.0' ],
50 silly audit   'wrap-ansi': [ '7.0.0', '8.1.0' ],
50 silly audit   'color-convert': [ '2.0.1' ],
50 silly audit   'color-name': [ '1.1.4' ],
50 silly audit   commander: [ '10.0.1' ],
50 silly audit   'config-chain': [ '1.1.13' ],
50 silly audit   'content-disposition': [ '0.5.4' ],
50 silly audit   'content-type': [ '1.0.5' ],
50 silly audit   cookie: [ '0.6.0' ],
50 silly audit   'cookie-signature': [ '1.0.6' ],
50 silly audit   'cross-spawn': [ '7.0.3' ],
50 silly audit   d: [ '1.0.2' ],
50 silly audit   debug: [ '2.6.9', '4.3.7' ],
50 silly audit   'define-data-property': [ '1.1.4' ],
50 silly audit   depd: [ '2.0.0' ],
50 silly audit   destroy: [ '1.2.0' ],
50 silly audit   dottie: [ '2.0.6' ],
50 silly audit   eastasianwidth: [ '0.2.0' ],
50 silly audit   editorconfig: [ '1.0.4' ],
50 silly audit   'ee-first': [ '1.1.1' ],
50 silly audit   encodeurl: [ '1.0.2' ],
50 silly audit   'es-define-property': [ '1.0.0' ],
50 silly audit   'es-errors': [ '1.3.0' ],
50 silly audit   'es5-ext': [ '0.10.64' ],
50 silly audit   'es6-iterator': [ '2.0.3' ],
50 silly audit   'es6-symbol': [ '3.1.4' ],
50 silly audit   'es6-weak-map': [ '2.0.3' ],
50 silly audit   escalade: [ '3.2.0' ],
50 silly audit   'escape-html': [ '1.0.3' ],
50 silly audit   esniff: [ '2.0.1' ],
50 silly audit   etag: [ '1.8.1' ],
50 silly audit   'event-emitter': [ '0.3.5' ],
50 silly audit   ext: [ '1.7.0' ],
50 silly audit   finalhandler: [ '1.2.0' ],
50 silly audit   'foreground-child': [ '3.3.0' ],
50 silly audit   forwarded: [ '0.2.0' ],
50 silly audit   fresh: [ '0.5.2' ],
50 silly audit   'fs-extra': [ '9.1.0' ],
50 silly audit   'function-bind': [ '1.1.2' ],
50 silly audit   'get-caller-file': [ '2.0.5' ],
50 silly audit   'get-intrinsic': [ '1.2.4' ],
50 silly audit   glob: [ '10.4.5' ],
50 silly audit   minimatch: [ '9.0.5', '9.0.1' ],
50 silly audit   gopd: [ '1.0.1' ],
50 silly audit   'graceful-fs': [ '4.2.11' ],
50 silly audit   'has-property-descriptors': [ '1.0.2' ],
50 silly audit   'has-proto': [ '1.0.3' ],
50 silly audit   'has-symbols': [ '1.0.3' ],
50 silly audit   hasown: [ '2.0.2' ],
50 silly audit   'http-errors': [ '2.0.0' ],
50 silly audit   'iconv-lite': [ '0.4.24' ],
50 silly audit   inflection: [ '1.13.4' ],
50 silly audit   inherits: [ '2.0.4' ],
50 silly audit   ini: [ '1.3.8' ],
50 silly audit   'ipaddr.js': [ '1.9.1' ],
50 silly audit   'is-core-module': [ '2.15.1' ],
50 silly audit   'is-fullwidth-code-point': [ '3.0.0' ],
50 silly audit   'is-promise': [ '2.2.2' ],
50 silly audit   isexe: [ '2.0.0' ],
50 silly audit   jackspeak: [ '3.4.3' ],
50 silly audit   'js-beautify': [ '1.15.1' ],
50 silly audit   'js-cookie': [ '3.0.5' ],
50 silly audit   jsonfile: [ '6.1.0' ],
50 silly audit   lodash: [ '4.17.21' ],
50 silly audit   'lru-cache': [ '10.4.3' ],
50 silly audit   'lru-queue': [ '0.1.0' ],
50 silly audit   'media-typer': [ '0.3.0' ],
50 silly audit   memoizee: [ '0.4.17' ],
50 silly audit   'merge-descriptors': [ '1.0.1' ],
50 silly audit   methods: [ '1.1.2' ],
50 silly audit   mime: [ '1.6.0' ],
50 silly audit   'mime-db': [ '1.52.0' ],
50 silly audit   'mime-types': [ '2.1.35' ],
50 silly audit   minipass: [ '7.1.2' ],
50 silly audit   moment: [ '2.30.1' ],
50 silly audit   'moment-timezone': [ '0.5.45' ],
50 silly audit   ms: [ '2.0.0', '2.1.3' ],
50 silly audit   negotiator: [ '0.6.3' ],
50 silly audit   'next-tick': [ '1.1.0' ],
50 silly audit   nopt: [ '7.2.1' ],
50 silly audit   'object-assign': [ '4.1.1' ],
50 silly audit   'object-inspect': [ '1.13.2' ],
50 silly audit   'on-finished': [ '2.4.1' ],
50 silly audit   'package-json-from-dist': [ '1.0.0' ],
50 silly audit   parseurl: [ '1.3.3' ],
50 silly audit   'path-key': [ '3.1.1' ],
50 silly audit   'path-parse': [ '1.0.7' ],
50 silly audit   'path-scurry': [ '1.11.1' ],
50 silly audit   'path-to-regexp': [ '0.1.7' ],
50 silly audit   'pg-cloudflare': [ '1.1.1' ],
50 silly audit   'pg-connection-string': [ '2.6.4' ],
50 silly audit   'pg-int8': [ '1.0.1' ],
50 silly audit   'pg-pool': [ '3.6.2' ],
50 silly audit   'pg-protocol': [ '1.6.1' ],
50 silly audit   'pg-types': [ '2.2.0' ],
50 silly audit   pgpass: [ '1.0.5' ],
50 silly audit   'postgres-array': [ '2.0.0' ],
50 silly audit   'postgres-bytea': [ '1.0.0' ],
50 silly audit   'postgres-date': [ '1.0.7' ],
50 silly audit   'postgres-interval': [ '1.2.0' ],
50 silly audit   'proto-list': [ '1.2.4' ],
50 silly audit   'proxy-addr': [ '2.0.7' ],
50 silly audit   qs: [ '6.11.0' ],
50 silly audit   'range-parser': [ '1.2.1' ],
50 silly audit   'raw-body': [ '2.5.2' ],
50 silly audit   'require-directory': [ '2.1.1' ],
50 silly audit   resolve: [ '1.22.8' ],
50 silly audit   'retry-as-promised': [ '7.0.4' ],
50 silly audit   'safe-buffer': [ '5.2.1' ],
50 silly audit   'safer-buffer': [ '2.1.2' ],
50 silly audit   semver: [ '7.6.3' ],
50 silly audit   send: [ '0.18.0' ],
50 silly audit   'sequelize-pool': [ '7.1.0' ],
50 silly audit   'serve-static': [ '1.15.0' ],
50 silly audit   'set-function-length': [ '1.2.2' ],
50 silly audit   setprototypeof: [ '1.2.0' ],
50 silly audit   'shebang-command': [ '2.0.0' ],
50 silly audit   'shebang-regex': [ '3.0.0' ],
50 silly audit   'side-channel': [ '1.0.6' ],
50 silly audit   'signal-exit': [ '4.1.0' ],
50 silly audit   split2: [ '4.2.0' ],
50 silly audit   statuses: [ '2.0.1' ],
50 silly audit   'supports-preserve-symlinks-flag': [ '1.0.0' ],
50 silly audit   'timers-ext': [ '0.1.8' ],
50 silly audit   toidentifier: [ '1.0.1' ],
50 silly audit   'toposort-class': [ '1.0.1' ],
50 silly audit   type: [ '2.7.3' ],
50 silly audit   'type-is': [ '1.6.18' ],
50 silly audit   umzug: [ '2.3.0' ],
50 silly audit   'undici-types': [ '6.19.8' ],
50 silly audit   universalify: [ '2.0.1' ],
50 silly audit   unpipe: [ '1.0.0' ],
50 silly audit   'utils-merge': [ '1.0.1' ],
50 silly audit   uuid: [ '8.3.2' ],
50 silly audit   validator: [ '13.12.0' ],
50 silly audit   vary: [ '1.1.2' ],
50 silly audit   which: [ '2.0.2' ],
50 silly audit   wkx: [ '0.5.0' ],
50 silly audit   xtend: [ '4.0.2' ],
50 silly audit   y18n: [ '5.0.8' ],
50 silly audit   yargs: [ '16.2.0' ],
50 silly audit   'yargs-parser': [ '20.2.9' ],
50 silly audit   'body-parser': [ '1.20.2' ],
50 silly audit   cors: [ '2.8.5' ],
50 silly audit   express: [ '4.19.2' ],
50 silly audit   pg: [ '8.12.0' ],
50 silly audit   sequelize: [ '6.37.3' ],
50 silly audit   'sequelize-cli': [ '6.6.2' ]
50 silly audit }
51 http fetch POST 200 https://registry.npmjs.org/-/npm/v1/security/advisories/bulk 426ms
52 silly audit report {}
53 verbose cwd /home/ally/accounting-inventory-system/backend
54 verbose os Linux 6.1.100+
55 verbose node v20.17.0
56 verbose npm  v10.8.2
57 verbose exit 0
58 info ok
