0 verbose cli [ '/usr/bin/node', '/usr/bin/npm', 'init', '-y' ]
1 info using npm@8.5.1
2 info using node@v12.22.9
3 timing npm:load:whichnode Completed in 0ms
4 timing config:load:defaults Completed in 2ms
5 timing config:load:file:/usr/share/nodejs/npm/npmrc Completed in 4ms
6 timing config:load:builtin Completed in 4ms
7 timing config:load:cli Completed in 2ms
8 timing config:load:env Completed in 1ms
9 timing config:load:file:/home/ally/aenzbi-api/.npmrc Completed in 0ms
10 timing config:load:project Completed in 4ms
11 timing config:load:file:/home/ally/.npmrc Completed in 0ms
12 timing config:load:user Completed in 0ms
13 timing config:load:file:/etc/npmrc Completed in 0ms
14 timing config:load:global Completed in 1ms
15 timing config:load:validate Completed in 0ms
16 timing config:load:credentials Completed in 1ms
17 timing config:load:setEnvs Completed in 2ms
18 timing config:load Completed in 17ms
19 timing npm:load:configload Completed in 17ms
20 timing npm:load:setTitle Completed in 0ms
21 timing config:load:flatten Completed in 3ms
22 timing npm:load:display Completed in 6ms
23 verbose logfile /home/ally/.npm/_logs/2024-09-07T19_14_57_064Z-debug-0.log
24 timing npm:load:logFile Completed in 7ms
25 timing npm:load:timers Completed in 0ms
26 timing npm:load:configScope Completed in 0ms
27 timing npm:load Completed in 33ms
28 silly logfile start cleaning logs, removing 1 files
29 silly package data {
29 silly package data   name: 'aenzbi-api',
29 silly package data   version: '1.0.0',
29 silly package data   main: 'index.js',
29 silly package data   scripts: { test: 'echo "Error: no test specified" && exit 1' },
29 silly package data   keywords: [],
29 silly package data   author: '',
29 silly package data   license: 'ISC',
29 silly package data   dependencies: {
29 silly package data     'body-parser': '^1.20.2',
29 silly package data     cors: '^2.8.5',
29 silly package data     express: '^4.19.2',
29 silly package data     mongoose: '^8.6.1'
29 silly package data   },
29 silly package data   devDependencies: {},
29 silly package data   description: ''
29 silly package data }
30 info init written successfully
31 timing command:init Completed in 70ms
32 verbose exit 0
33 timing npm Completed in 397ms
34 info ok
