0 verbose cli /usr/local/nvm/versions/node/v20.17.0/bin/node /usr/local/nvm/versions/node/v20.17.0/lib/node_modules/npm/bin/npm-cli.js
1 info using npm@10.8.2
2 info using node@v20.17.0
3 silly config load:file:/usr/local/nvm/versions/node/v20.17.0/lib/node_modules/npm/npmrc
4 silly config load:file:/home/ally/accounting-inventory-system/frontend/.npmrc
5 silly config load:file:/home/ally/.npmrc
6 silly config load:file:/usr/local/nvm/versions/node/v20.17.0/etc/npmrc
7 verbose title npm exec create-react-app .
8 verbose argv "exec" "--" "create-react-app" "."
9 verbose logfile logs-max:10 dir:/home/ally/.npm/_logs/2024-09-07T16_54_30_896Z-
10 verbose logfile /home/ally/.npm/_logs/2024-09-07T16_54_30_896Z-debug-0.log
11 silly logfile start cleaning logs, removing 1 files
12 silly logfile done cleaning log files
13 silly packumentCache heap:2197815296 maxSize:549453824 maxEntrySize:274726912
14 http fetch GET 200 https://registry.npmjs.org/create-react-app 142ms (cache revalidated)
15 silly packumentCache heap:2197815296 maxSize:549453824 maxEntrySize:274726912
16 silly packumentCache heap:2197815296 maxSize:549453824 maxEntrySize:274726912
17 verbose cwd /home/ally/accounting-inventory-system/frontend
18 verbose os Linux 6.1.100+
19 verbose node v20.17.0
20 verbose npm  v10.8.2
21 verbose exit 1
22 verbose code 1
