0 verbose cli [ '/usr/bin/node', '/usr/bin/npm', 'init' ]
1 info using npm@8.5.1
2 info using node@v12.22.9
3 timing npm:load:whichnode Completed in 0ms
4 timing config:load:defaults Completed in 2ms
5 timing config:load:file:/usr/share/nodejs/npm/npmrc Completed in 3ms
6 timing config:load:builtin Completed in 3ms
7 timing config:load:cli Completed in 2ms
8 timing config:load:env Completed in 1ms
9 timing config:load:project Completed in 1ms
10 timing config:load:file:/home/ally/.npmrc Completed in 0ms
11 timing config:load:user Completed in 0ms
12 timing config:load:file:/etc/npmrc Completed in 0ms
13 timing config:load:global Completed in 0ms
14 timing config:load:validate Completed in 1ms
15 timing config:load:credentials Completed in 1ms
16 timing config:load:setEnvs Completed in 1ms
17 timing config:load Completed in 13ms
18 timing npm:load:configload Completed in 13ms
19 timing npm:load:setTitle Completed in 1ms
20 timing config:load:flatten Completed in 3ms
21 timing npm:load:display Completed in 5ms
22 verbose logfile /home/ally/.npm/_logs/2024-09-07T19_51_29_783Z-debug-0.log
23 timing npm:load:logFile Completed in 11ms
24 timing npm:load:timers Completed in 0ms
25 timing npm:load:configScope Completed in 0ms
26 timing npm:load Completed in 33ms
27 silly logfile start cleaning logs, removing 1 files
28 silly package data {
28 silly package data   dependencies: { cors: '^2.8.5', express: '^4.19.2' },
28 silly package data   name: 'ally',
28 silly package data   version: '1.0.0',
28 silly package data   main: 'index.js',
28 silly package data   devDependencies: {},
28 silly package data   scripts: { test: 'npm test' },
28 silly package data   repository: { type: 'git', url: 'git+https://github.com/allyelvis/ally.git' },
28 silly package data   author: 'Ally Elvis Nzeyimana',
28 silly package data   license: 'ISC',
28 silly package data   bugs: { url: 'https://github.com/allyelvis/ally/issues' },
28 silly package data   homepage: 'https://github.com/allyelvis/ally#readme',
28 silly package data   description: ''
28 silly package data }
29 info init written successfully
30 timing command:init Completed in 46265ms
31 verbose exit 0
32 timing npm Completed in 46576ms
33 info ok
