0 verbose cli /usr/local/nvm/versions/node/v20.17.0/bin/node /usr/local/nvm/versions/node/v20.17.0/bin/npm
1 info using npm@10.8.2
2 info using node@v20.17.0
3 silly config load:file:/usr/local/nvm/versions/node/v20.17.0/lib/node_modules/npm/npmrc
4 silly config load:file:/home/ally/accounting-inventory-system/backend/.npmrc
5 silly config load:file:/home/ally/.npmrc
6 silly config load:file:/usr/local/nvm/versions/node/v20.17.0/etc/npmrc
7 verbose title npm init
8 verbose argv "init" "--yes"
9 verbose logfile logs-max:10 dir:/home/ally/.npm/_logs/2024-09-07T16_58_37_423Z-
10 verbose logfile /home/ally/.npm/_logs/2024-09-07T16_58_37_423Z-debug-0.log
11 silly logfile start cleaning logs, removing 2 files
12 silly logfile done cleaning log files
13 silly package data {
13 silly package data   name: 'backend',
13 silly package data   version: '1.0.0',
13 silly package data   main: 'index.js',
13 silly package data   scripts: { test: 'echo "Error: no test specified" && exit 1' },
13 silly package data   keywords: [],
13 silly package data   author: '',
13 silly package data   license: 'ISC',
13 silly package data   dependencies: {
13 silly package data     'body-parser': '^1.20.2',
13 silly package data     cors: '^2.8.5',
13 silly package data     express: '^4.19.2',
13 silly package data     pg: '^8.12.0',
13 silly package data     sequelize: '^6.37.3',
13 silly package data     'sequelize-cli': '^6.6.2'
13 silly package data   },
13 silly package data   devDependencies: {},
13 silly package data   description: '',
13 silly package data   [Symbol(newline)]: '\n',
13 silly package data   [Symbol(indent)]: '  '
13 silly package data }
14 verbose cwd /home/ally/accounting-inventory-system/backend
15 verbose os Linux 6.1.100+
16 verbose node v20.17.0
17 verbose npm  v10.8.2
18 verbose exit 0
19 info ok
