0 verbose cli /usr/local/nvm/versions/node/v20.17.0/bin/node /usr/local/nvm/versions/node/v20.17.0/bin/npm
1 info using npm@10.8.2
2 info using node@v20.17.0
3 silly config load:file:/usr/local/nvm/versions/node/v20.17.0/lib/node_modules/npm/npmrc
4 silly config load:file:/home/ally/accounting-inventory-system/frontend/.npmrc
5 silly config load:file:/home/ally/.npmrc
6 silly config load:file:/usr/local/nvm/versions/node/v20.17.0/etc/npmrc
7 verbose title npm install axios
8 verbose argv "install" "axios"
9 verbose logfile logs-max:10 dir:/home/ally/.npm/_logs/2024-09-07T16_54_32_476Z-
10 verbose logfile /home/ally/.npm/_logs/2024-09-07T16_54_32_476Z-debug-0.log
11 silly packumentCache heap:2197815296 maxSize:549453824 maxEntrySize:274726912
12 silly logfile start cleaning logs, removing 1 files
13 silly logfile done cleaning log files
14 silly idealTree buildDeps
15 silly fetch manifest axios@^1.7.7
16 silly packumentCache full:https://registry.npmjs.org/axios cache-miss
17 http fetch GET 200 https://registry.npmjs.org/axios 155ms (cache revalidated)
18 silly packumentCache full:https://registry.npmjs.org/axios set size:585045 disposed:false
19 silly placeDep ROOT axios@1.7.7 REPLACE for:  want: ^1.7.7
20 silly reify moves {}
21 silly audit bulk request {
21 silly audit   asynckit: [ '0.4.0' ],
21 silly audit   'combined-stream': [ '1.0.8' ],
21 silly audit   'delayed-stream': [ '1.0.0' ],
21 silly audit   'follow-redirects': [ '1.15.9' ],
21 silly audit   'form-data': [ '4.0.0' ],
21 silly audit   'mime-db': [ '1.52.0' ],
21 silly audit   'mime-types': [ '2.1.35' ],
21 silly audit   'proxy-from-env': [ '1.1.0' ],
21 silly audit   axios: [ '1.7.7' ]
21 silly audit }
22 http fetch POST 200 https://registry.npmjs.org/-/npm/v1/security/advisories/bulk 190ms
23 silly audit report {}
24 verbose cwd /home/ally/accounting-inventory-system/frontend
25 verbose os Linux 6.1.100+
26 verbose node v20.17.0
27 verbose npm  v10.8.2
28 verbose exit 0
29 info ok
