0 verbose cli [
0 verbose cli   '/usr/bin/node',
0 verbose cli   '/usr/bin/npm',
0 verbose cli   'install',
0 verbose cli   'express',
0 verbose cli   'body-parser',
0 verbose cli   'cors',
0 verbose cli   'mongoose'
0 verbose cli ]
1 info using npm@8.5.1
2 info using node@v12.22.9
3 timing npm:load:whichnode Completed in 0ms
4 timing config:load:defaults Completed in 2ms
5 timing config:load:file:/usr/share/nodejs/npm/npmrc Completed in 3ms
6 timing config:load:builtin Completed in 3ms
7 timing config:load:cli Completed in 2ms
8 timing config:load:env Completed in 0ms
9 timing config:load:file:/home/ally/aenzbi-api/.npmrc Completed in 0ms
10 timing config:load:project Completed in 3ms
11 timing config:load:file:/home/ally/.npmrc Completed in 0ms
12 timing config:load:user Completed in 0ms
13 timing config:load:file:/etc/npmrc Completed in 0ms
14 timing config:load:global Completed in 0ms
15 timing config:load:validate Completed in 0ms
16 timing config:load:credentials Completed in 1ms
17 timing config:load:setEnvs Completed in 2ms
18 timing config:load Completed in 15ms
19 timing npm:load:configload Completed in 16ms
20 timing npm:load:setTitle Completed in 0ms
21 timing config:load:flatten Completed in 3ms
22 timing npm:load:display Completed in 5ms
23 verbose logfile /home/ally/.npm/_logs/2024-09-07T19_14_57_738Z-debug-0.log
24 timing npm:load:logFile Completed in 7ms
25 timing npm:load:timers Completed in 1ms
26 timing npm:load:configScope Completed in 0ms
27 timing npm:load Completed in 30ms
28 timing arborist:ctor Completed in 2ms
29 silly logfile start cleaning logs, removing 1 files
30 timing idealTree:init Completed in 166ms
31 timing idealTree:userRequests Completed in 4ms
32 silly idealTree buildDeps
33 silly fetch manifest body-parser@^1.20.2
34 timing arborist:ctor Completed in 1ms
35 http fetch GET 200 https://registry.npmjs.org/body-parser 182ms (cache miss)
36 silly fetch manifest cors@^2.8.5
37 http fetch GET 200 https://registry.npmjs.org/cors 47ms (cache miss)
38 silly fetch manifest express@^4.19.2
39 http fetch GET 200 https://registry.npmjs.org/express 52ms (cache miss)
40 silly fetch manifest mongoose@^8.6.1
41 http fetch GET 200 https://registry.npmjs.org/mongoose 83ms (cache miss)
42 silly placeDep ROOT body-parser@1.20.2 REPLACE for: aenzbi-api@1.0.0 want: ^1.20.2
43 silly placeDep ROOT cors@2.8.5 REPLACE for: aenzbi-api@1.0.0 want: ^2.8.5
44 silly placeDep ROOT express@4.19.2 REPLACE for: aenzbi-api@1.0.0 want: ^4.19.2
45 silly placeDep ROOT mongoose@8.6.1 REPLACE for: aenzbi-api@1.0.0 want: ^8.6.1
46 timing idealTree:#root Completed in 420ms
47 timing idealTree:node_modules/body-parser Completed in 0ms
48 timing idealTree:node_modules/cors Completed in 0ms
49 timing idealTree:node_modules/express Completed in 0ms
50 timing idealTree:node_modules/mongoose Completed in 0ms
51 timing idealTree:buildDeps Completed in 424ms
52 timing idealTree:fixDepFlags Completed in 1ms
53 warn EBADENGINE Unsupported engine {
53 warn EBADENGINE   package: 'bson@6.8.0',
53 warn EBADENGINE   required: { node: '>=16.20.1' },
53 warn EBADENGINE   current: { node: 'v12.22.9', npm: '8.5.1' }
53 warn EBADENGINE }
54 warn EBADENGINE Unsupported engine {
54 warn EBADENGINE   package: 'mongodb@6.8.0',
54 warn EBADENGINE   required: { node: '>=16.20.1' },
54 warn EBADENGINE   current: { node: 'v12.22.9', npm: '8.5.1' }
54 warn EBADENGINE }
55 warn EBADENGINE Unsupported engine {
55 warn EBADENGINE   package: 'mquery@5.0.0',
55 warn EBADENGINE   required: { node: '>=14.0.0' },
55 warn EBADENGINE   current: { node: 'v12.22.9', npm: '8.5.1' }
55 warn EBADENGINE }
56 warn EBADENGINE Unsupported engine {
56 warn EBADENGINE   package: 'tr46@4.1.1',
56 warn EBADENGINE   required: { node: '>=14' },
56 warn EBADENGINE   current: { node: 'v12.22.9', npm: '8.5.1' }
56 warn EBADENGINE }
57 warn EBADENGINE Unsupported engine {
57 warn EBADENGINE   package: 'whatwg-url@13.0.0',
57 warn EBADENGINE   required: { node: '>=16' },
57 warn EBADENGINE   current: { node: 'v12.22.9', npm: '8.5.1' }
57 warn EBADENGINE }
58 warn EBADENGINE Unsupported engine {
58 warn EBADENGINE   package: 'mongoose@8.6.1',
58 warn EBADENGINE   required: { node: '>=16.20.1' },
58 warn EBADENGINE   current: { node: 'v12.22.9', npm: '8.5.1' }
58 warn EBADENGINE }
59 timing idealTree Completed in 625ms
60 timing reify:loadTrees Completed in 625ms
61 timing reify:diffTrees Completed in 4ms
62 silly reify moves {}
63 timing reify:retireShallow Completed in 1ms
64 timing reify:createSparse Completed in 0ms
65 timing reify:loadBundles Completed in 0ms
66 silly audit bulk request {
66 silly audit   '@mongodb-js/saslprep': [ '1.1.9' ],
66 silly audit   '@types/webidl-conversions': [ '7.0.3' ],
66 silly audit   '@types/whatwg-url': [ '11.0.5' ],
66 silly audit   accepts: [ '1.3.8' ],
66 silly audit   'array-flatten': [ '1.1.1' ],
66 silly audit   bson: [ '6.8.0' ],
66 silly audit   bytes: [ '3.1.2' ],
66 silly audit   'call-bind': [ '1.0.7' ],
66 silly audit   'content-disposition': [ '0.5.4' ],
66 silly audit   'content-type': [ '1.0.5' ],
66 silly audit   cookie: [ '0.6.0' ],
66 silly audit   'cookie-signature': [ '1.0.6' ],
66 silly audit   debug: [ '2.6.9', '4.3.7' ],
66 silly audit   'define-data-property': [ '1.1.4' ],
66 silly audit   depd: [ '2.0.0' ],
66 silly audit   destroy: [ '1.2.0' ],
66 silly audit   'ee-first': [ '1.1.1' ],
66 silly audit   encodeurl: [ '1.0.2' ],
66 silly audit   'es-define-property': [ '1.0.0' ],
66 silly audit   'es-errors': [ '1.3.0' ],
66 silly audit   'escape-html': [ '1.0.3' ],
66 silly audit   etag: [ '1.8.1' ],
66 silly audit   finalhandler: [ '1.2.0' ],
66 silly audit   forwarded: [ '0.2.0' ],
66 silly audit   fresh: [ '0.5.2' ],
66 silly audit   'function-bind': [ '1.1.2' ],
66 silly audit   'get-intrinsic': [ '1.2.4' ],
66 silly audit   gopd: [ '1.0.1' ],
66 silly audit   'has-property-descriptors': [ '1.0.2' ],
66 silly audit   'has-proto': [ '1.0.3' ],
66 silly audit   'has-symbols': [ '1.0.3' ],
66 silly audit   hasown: [ '2.0.2' ],
66 silly audit   'http-errors': [ '2.0.0' ],
66 silly audit   'iconv-lite': [ '0.4.24' ],
66 silly audit   inherits: [ '2.0.4' ],
66 silly audit   'ipaddr.js': [ '1.9.1' ],
66 silly audit   kareem: [ '2.6.3' ],
66 silly audit   'media-typer': [ '0.3.0' ],
66 silly audit   'memory-pager': [ '1.5.0' ],
66 silly audit   'merge-descriptors': [ '1.0.1' ],
66 silly audit   methods: [ '1.1.2' ],
66 silly audit   mime: [ '1.6.0' ],
66 silly audit   'mime-db': [ '1.52.0' ],
66 silly audit   'mime-types': [ '2.1.35' ],
66 silly audit   mongodb: [ '6.8.0' ],
66 silly audit   'mongodb-connection-string-url': [ '3.0.1' ],
66 silly audit   ms: [ '2.1.3', '2.0.0' ],
66 silly audit   mpath: [ '0.9.0' ],
66 silly audit   mquery: [ '5.0.0' ],
66 silly audit   negotiator: [ '0.6.3' ],
66 silly audit   'object-assign': [ '4.1.1' ],
66 silly audit   'object-inspect': [ '1.13.2' ],
66 silly audit   'on-finished': [ '2.4.1' ],
66 silly audit   parseurl: [ '1.3.3' ],
66 silly audit   'path-to-regexp': [ '0.1.7' ],
66 silly audit   'proxy-addr': [ '2.0.7' ],
66 silly audit   punycode: [ '2.3.1' ],
66 silly audit   qs: [ '6.11.0' ],
66 silly audit   'range-parser': [ '1.2.1' ],
66 silly audit   'raw-body': [ '2.5.2' ],
66 silly audit   'safe-buffer': [ '5.2.1' ],
66 silly audit   'safer-buffer': [ '2.1.2' ],
66 silly audit   send: [ '0.18.0' ],
66 silly audit   'serve-static': [ '1.15.0' ],
66 silly audit   'set-function-length': [ '1.2.2' ],
66 silly audit   setprototypeof: [ '1.2.0' ],
66 silly audit   'side-channel': [ '1.0.6' ],
66 silly audit   sift: [ '17.1.3' ],
66 silly audit   'sparse-bitfield': [ '3.0.3' ],
66 silly audit   statuses: [ '2.0.1' ],
66 silly audit   toidentifier: [ '1.0.1' ],
66 silly audit   tr46: [ '4.1.1' ],
66 silly audit   'type-is': [ '1.6.18' ],
66 silly audit   unpipe: [ '1.0.0' ],
66 silly audit   'utils-merge': [ '1.0.1' ],
66 silly audit   vary: [ '1.1.2' ],
66 silly audit   'webidl-conversions': [ '7.0.0' ],
66 silly audit   'whatwg-url': [ '13.0.0' ],
66 silly audit   'body-parser': [ '1.20.2' ],
66 silly audit   cors: [ '2.8.5' ],
66 silly audit   express: [ '4.19.2' ],
66 silly audit   mongoose: [ '8.6.1' ]
66 silly audit }
67 timing reify:unpack Completed in 1ms
68 timing reify:unretire Completed in 0ms
69 timing build:queue Completed in 0ms
70 timing build:deps Completed in 1ms
71 timing build Completed in 1ms
72 timing reify:build Completed in 1ms
73 timing reify:trash Completed in 0ms
74 timing reify:save Completed in 66ms
75 http fetch POST 200 https://registry.npmjs.org/-/npm/v1/security/advisories/bulk 231ms
76 timing auditReport:getReport Completed in 234ms
77 silly audit report {}
78 timing auditReport:init Completed in 0ms
79 timing reify:audit Completed in 237ms
80 timing reify Completed in 911ms
81 timing command:install Completed in 922ms
82 verbose exit 0
83 timing npm Completed in 1232ms
84 info ok
