0 verbose cli /usr/local/nvm/versions/node/v18.20.4/bin/node /usr/local/nvm/versions/node/v18.20.4/bin/npm
1 info using npm@10.8.2
2 info using node@v18.20.4
3 silly config load:file:/usr/local/nvm/versions/node/v18.20.4/lib/node_modules/npm/npmrc
4 silly config load:file:/home/.npmrc
5 silly config load:file:/home/ally/.npmrc
6 silly config load:file:/usr/local/nvm/versions/node/v18.20.4/etc/npmrc
7 verbose title npm start
8 verbose argv "start"
9 verbose logfile logs-max:10 dir:/home/ally/.npm/_logs/2024-09-07T19_18_06_833Z-
10 verbose logfile /home/ally/.npm/_logs/2024-09-07T19_18_06_833Z-debug-0.log
11 silly logfile start cleaning logs, removing 1 files
12 verbose stack Error: Could not read package.json: Error: ENOENT: no such file or directory, open '/home/package.json'
13 error code ENOENT
14 error syscall open
15 error path /home/package.json
16 error errno -2
17 error enoent Could not read package.json: Error: ENOENT: no such file or directory, open '/home/package.json'
18 error enoent This is related to npm not being able to find a file.
18 error enoent
19 verbose cwd /home
20 verbose os Linux 6.1.100+
21 verbose node v18.20.4
22 verbose npm  v10.8.2
23 verbose exit -2
24 verbose code -2
25 error A complete log of this run can be found in: /home/ally/.npm/_logs/2024-09-07T19_18_06_833Z-debug-0.log
