0 verbose cli /usr/local/nvm/versions/node/v18.20.4/bin/node /usr/local/nvm/versions/node/v18.20.4/bin/npm
1 info using npm@10.8.2
2 info using node@v18.20.4
3 silly config load:file:/usr/local/nvm/versions/node/v18.20.4/lib/node_modules/npm/npmrc
4 silly config load:file:/home/.npmrc
5 silly config load:file:/home/ally/.npmrc
6 silly config load:file:/usr/local/nvm/versions/node/v18.20.4/etc/npmrc
7 verbose title npm init
8 verbose argv "init"
9 verbose logfile logs-max:10 dir:/home/ally/.npm/_logs/2024-09-07T19_16_23_301Z-
10 verbose logfile /home/ally/.npm/_logs/2024-09-07T19_16_23_301Z-debug-0.log
11 silly logfile start cleaning logs, removing 1 files
12 silly logfile done cleaning log files
13 verbose stack Error: EACCES: permission denied, open '/home/package.json'
14 error code EACCES
15 error syscall open
16 error path /home/package.json
17 error errno -13
18 error [Error: EACCES: permission denied, open '/home/package.json'] {
18 error   errno: -13,
18 error   code: 'EACCES',
18 error   syscall: 'open',
18 error   path: '/home/package.json'
18 error }
19 error
19 error The operation was rejected by your operating system.
19 error It is likely you do not have the permissions to access this file as the current user
19 error
19 error If you believe this might be a permissions issue, please double-check the
19 error permissions of the file and its containing directories, or try running
19 error the command again as root/Administrator.
20 verbose cwd /home
21 verbose os Linux 6.1.100+
22 verbose node v18.20.4
23 verbose npm  v10.8.2
24 verbose exit -13
25 verbose code -13
26 error A complete log of this run can be found in: /home/ally/.npm/_logs/2024-09-07T19_16_23_301Z-debug-0.log
