2024-09-07 18:10:03.675 [info] Extension host with pid 11248 started
2024-09-07 18:10:03.689 [info] Lock '/home/ally/.codeoss/data/User/workspaceStorage/6a334627/vscode.lock': Lock acquired.
2024-09-07 18:10:06.272 [info] ExtensionService#_doActivateExtension vscode.git-base, startup: true, activationEvent: '*', root cause: vscode.git
2024-09-07 18:10:10.153 [info] ExtensionService#_doActivateExtension vscode.git, startup: true, activationEvent: '*'
2024-09-07 18:10:10.154 [info] ExtensionService#_doActivateExtension vscode.github, startup: true, activationEvent: '*'
2024-09-07 18:10:11.458 [warning] [Decorations] CAPPING events from decorations provider vscode.git 6855
2024-09-07 18:10:12.741 [info] ExtensionService#_doActivateExtension vscode.github-authentication, startup: false, activationEvent: 'onAuthenticationRequest:github'
2024-09-07 18:10:12.797 [info] ExtensionService#_doActivateExtension redhat.fabric8-analytics, startup: true, activationEvent: 'workspaceContains:**/package.json,**/pom.xml,**/go.mod,**/requirements.txt'
2024-09-07 18:10:13.514 [warning] [Decorations] CAPPING events from decorations provider vscode.git 6857
2024-09-07 18:10:15.950 [warning] [Decorations] CAPPING events from decorations provider vscode.git 6857
2024-09-07 18:10:16.806 [info] ExtensionService#_doActivateExtension EditorConfig.EditorConfig, startup: false, activationEvent: 'onStartupFinished'
2024-09-07 18:10:16.807 [info] ExtensionService#_doActivateExtension google.cloud-shell, startup: false, activationEvent: 'onStartupFinished'
2024-09-07 18:10:16.807 [info] ExtensionService#_doActivateExtension googlecloudtools.cloudcode, startup: false, activationEvent: 'onStartupFinished'
2024-09-07 18:10:16.808 [info] ExtensionService#_doActivateExtension vscode.debug-auto-launch, startup: false, activationEvent: 'onStartupFinished'
2024-09-07 18:10:16.808 [info] ExtensionService#_doActivateExtension vscode.merge-conflict, startup: false, activationEvent: 'onStartupFinished'
2024-09-07 18:10:21.883 [warning] [Decorations] CAPPING events from decorations provider vscode.git 6857
2024-09-07 18:10:27.188 [warning] [Decorations] CAPPING events from decorations provider vscode.git 6857
2024-09-07 18:10:32.462 [warning] [Decorations] CAPPING events from decorations provider vscode.git 6857
2024-09-07 18:10:37.740 [warning] [Decorations] CAPPING events from decorations provider vscode.git 6857
2024-09-07 18:10:39.468 [info] Eager extensions activated
2024-09-07 18:10:43.225 [warning] [Decorations] CAPPING events from decorations provider vscode.git 6859
2024-09-07 18:10:45.664 [info] ExtensionService#_doActivateExtension vscode.json-language-features, startup: false, activationEvent: 'onLanguage:jsonc'
2024-09-07 18:10:45.665 [info] ExtensionService#_doActivateExtension vscode.typescript-language-features, startup: false, activationEvent: 'onLanguage:jsonc'
2024-09-07 18:10:45.665 [info] ExtensionService#_doActivateExtension vscode.emmet, startup: false, activationEvent: 'onLanguage'
2024-09-07 18:10:48.739 [warning] [Decorations] CAPPING events from decorations provider vscode.git 6865
2024-09-07 18:10:54.095 [warning] [Decorations] CAPPING events from decorations provider vscode.git 6867
2024-09-07 18:10:59.400 [warning] [Decorations] CAPPING events from decorations provider vscode.git 6868
2024-09-07 18:11:15.791 [warning] [Decorations] CAPPING events from decorations provider vscode.git 6868
2024-09-07 18:11:21.788 [warning] [Decorations] CAPPING events from decorations provider vscode.git 6868
2024-09-07 18:14:06.811 [info] ExtensionService#_doActivateExtension golang.go, startup: false, activationEvent: 'onDebugInitialConfigurations'
2024-09-07 18:14:06.812 [info] ExtensionService#_doActivateExtension ms-python.python, startup: false, activationEvent: 'onDebugInitialConfigurations'
2024-09-07 18:14:06.812 [info] ExtensionService#_doActivateExtension ms-vscode.js-debug, startup: false, activationEvent: 'onDebugInitialConfigurations'
2024-09-07 18:14:06.813 [info] ExtensionService#_doActivateExtension vscjava.vscode-java-debug, startup: false, activationEvent: 'onDebugInitialConfigurations'
2024-09-07 18:14:11.221 [warning] [Decorations] CAPPING events from decorations provider vscode.git 597
2024-09-07 18:14:16.846 [warning] [Decorations] CAPPING events from decorations provider vscode.git 646
2024-09-07 18:14:22.255 [warning] [Decorations] CAPPING events from decorations provider vscode.git 724
2024-09-07 18:14:23.003 [info] ExtensionService#_doActivateExtension vscode.debug-server-ready, startup: false, activationEvent: 'onDebugResolve'
2024-09-07 18:14:28.162 [warning] [Decorations] CAPPING events from decorations provider vscode.git 868
2024-09-07 18:14:33.367 [warning] [Decorations] CAPPING events from decorations provider vscode.git 868
2024-09-07 18:14:38.790 [warning] [Decorations] CAPPING events from decorations provider vscode.git 868
2024-09-07 18:14:43.983 [warning] [Decorations] CAPPING events from decorations provider vscode.git 868
2024-09-07 18:14:49.180 [warning] [Decorations] CAPPING events from decorations provider vscode.git 868
2024-09-07 18:14:54.395 [warning] [Decorations] CAPPING events from decorations provider vscode.git 868
2024-09-07 18:14:59.596 [warning] [Decorations] CAPPING events from decorations provider vscode.git 868
2024-09-07 18:15:04.802 [warning] [Decorations] CAPPING events from decorations provider vscode.git 870
2024-09-07 18:15:10.005 [warning] [Decorations] CAPPING events from decorations provider vscode.git 872
2024-09-07 18:15:15.208 [warning] [Decorations] CAPPING events from decorations provider vscode.git 873
2024-09-07 18:15:20.531 [warning] [Decorations] CAPPING events from decorations provider vscode.git 875
2024-09-07 18:15:25.785 [warning] [Decorations] CAPPING events from decorations provider vscode.git 875
2024-09-07 18:15:31.162 [warning] [Decorations] CAPPING events from decorations provider vscode.git 875
2024-09-07 18:15:36.668 [warning] [Decorations] CAPPING events from decorations provider vscode.git 875
2024-09-07 18:15:42.075 [warning] [Decorations] CAPPING events from decorations provider vscode.git 875
2024-09-07 18:15:47.466 [warning] [Decorations] CAPPING events from decorations provider vscode.git 875
2024-09-07 18:15:52.806 [warning] [Decorations] CAPPING events from decorations provider vscode.git 875
2024-09-07 18:15:58.026 [warning] [Decorations] CAPPING events from decorations provider vscode.git 875
2024-09-07 18:16:26.293 [warning] [Decorations] CAPPING events from decorations provider vscode.git 875
2024-09-07 18:16:31.624 [warning] [Decorations] CAPPING events from decorations provider vscode.git 876
2024-09-07 18:16:36.854 [warning] [Decorations] CAPPING events from decorations provider vscode.git 876
2024-09-07 18:16:42.109 [warning] [Decorations] CAPPING events from decorations provider vscode.git 876
2024-09-07 18:16:47.324 [warning] [Decorations] CAPPING events from decorations provider vscode.git 876
2024-09-07 18:16:52.544 [warning] [Decorations] CAPPING events from decorations provider vscode.git 876
2024-09-07 18:16:57.771 [warning] [Decorations] CAPPING events from decorations provider vscode.git 876
2024-09-07 18:17:02.987 [warning] [Decorations] CAPPING events from decorations provider vscode.git 876
2024-09-07 18:17:08.195 [warning] [Decorations] CAPPING events from decorations provider vscode.git 876
2024-09-07 18:17:18.379 [warning] [Decorations] CAPPING events from decorations provider vscode.git 876
2024-09-07 18:17:23.606 [warning] [Decorations] CAPPING events from decorations provider vscode.git 876
2024-09-07 18:17:28.851 [warning] [Decorations] CAPPING events from decorations provider vscode.git 876
2024-09-07 18:17:34.062 [warning] [Decorations] CAPPING events from decorations provider vscode.git 876
2024-09-07 18:17:39.286 [warning] [Decorations] CAPPING events from decorations provider vscode.git 876
2024-09-07 18:17:51.885 [warning] [Decorations] CAPPING events from decorations provider vscode.git 876
2024-09-07 18:17:57.091 [warning] [Decorations] CAPPING events from decorations provider vscode.git 876
2024-09-07 18:18:02.301 [warning] [Decorations] CAPPING events from decorations provider vscode.git 876
2024-09-07 18:18:07.518 [warning] [Decorations] CAPPING events from decorations provider vscode.git 876
2024-09-07 18:18:12.744 [warning] [Decorations] CAPPING events from decorations provider vscode.git 876
2024-09-07 18:18:17.964 [warning] [Decorations] CAPPING events from decorations provider vscode.git 876
2024-09-07 18:18:23.180 [warning] [Decorations] CAPPING events from decorations provider vscode.git 876
2024-09-07 18:18:28.397 [warning] [Decorations] CAPPING events from decorations provider vscode.git 876
2024-09-07 18:18:33.613 [warning] [Decorations] CAPPING events from decorations provider vscode.git 876
2024-09-07 18:18:38.861 [warning] [Decorations] CAPPING events from decorations provider vscode.git 876
2024-09-07 18:18:44.093 [warning] [Decorations] CAPPING events from decorations provider vscode.git 876
2024-09-07 18:18:49.308 [warning] [Decorations] CAPPING events from decorations provider vscode.git 876
2024-09-07 18:18:54.528 [warning] [Decorations] CAPPING events from decorations provider vscode.git 876
2024-09-07 18:18:59.736 [warning] [Decorations] CAPPING events from decorations provider vscode.git 876
2024-09-07 18:19:04.955 [warning] [Decorations] CAPPING events from decorations provider vscode.git 876
2024-09-07 18:19:10.176 [warning] [Decorations] CAPPING events from decorations provider vscode.git 876
2024-09-07 18:19:15.404 [warning] [Decorations] CAPPING events from decorations provider vscode.git 876
2024-09-07 18:19:20.634 [warning] [Decorations] CAPPING events from decorations provider vscode.git 876
2024-09-07 18:20:46.422 [warning] [Decorations] CAPPING events from decorations provider vscode.git 876
2024-09-07 18:20:51.653 [warning] [Decorations] CAPPING events from decorations provider vscode.git 876
2024-09-07 18:20:56.873 [warning] [Decorations] CAPPING events from decorations provider vscode.git 876
2024-09-07 18:21:03.758 [warning] [Decorations] CAPPING events from decorations provider vscode.git 876
2024-09-07 18:21:09.082 [warning] [Decorations] CAPPING events from decorations provider vscode.git 878
2024-09-07 18:21:14.584 [warning] [Decorations] CAPPING events from decorations provider vscode.git 878
2024-09-07 18:21:19.904 [warning] [Decorations] CAPPING events from decorations provider vscode.git 878
2024-09-07 18:21:25.226 [warning] [Decorations] CAPPING events from decorations provider vscode.git 878
2024-09-07 18:21:30.585 [warning] [Decorations] CAPPING events from decorations provider vscode.git 878
2024-09-07 18:21:35.920 [warning] [Decorations] CAPPING events from decorations provider vscode.git 878
2024-09-07 18:21:41.279 [warning] [Decorations] CAPPING events from decorations provider vscode.git 878
2024-09-07 18:21:46.656 [warning] [Decorations] CAPPING events from decorations provider vscode.git 878
2024-09-07 18:21:54.441 [warning] [Decorations] CAPPING events from decorations provider vscode.git 878
